{
  "RSpec": {
    "coverage": {
      "/home/developer/Documents/Domination/support/lib/support.rb": [
        1,
        null,
        1,
        null,
        null
      ],
      "/home/developer/Documents/Domination/support/lib/support/engine.rb": [
        1,
        1,
        1,
        null,
        1,
        1,
        null,
        null,
        1,
        1,
        1,
        1,
        null,
        null,
        1,
        null,
        null,
        1,
        1,
        1,
        1,
        1,
        null,
        null,
        null
      ],
      "/home/developer/Documents/Domination/support/app/models/support/cpl/notice.rb": [
        1,
        null,
        1,
        1,
        1,
        1,
        null,
        1,
        null,
        1,
        null,
        null,
        null
      ],
      "/home/developer/Documents/Domination/support/app/models/support/application_record.rb": [
        1,
        1,
        1,
        null,
        null
      ],
      "/home/developer/Documents/Domination/support/app/utilities/support/string_utility.rb": [

      ],
      "/home/developer/Documents/Domination/support/app/jobs/support/application_job.rb": [
        0,
        0,
        0,
        0
      ],
      "/home/developer/Documents/Domination/support/app/mailers/support/application_mailer.rb": [
        0,
        0,
        0,
        0,
        0,
        0
      ],
      "/home/developer/Documents/Domination/support/app/services/support/http_service.rb": [
        0,
        null,
        0,
        0,
        0,
        null,
        0,
        0,
        0,
        0,
        0,
        null,
        0,
        0
      ],
      "/home/developer/Documents/Domination/support/app/services/support/sefaz_service.rb": [
        0,
        0,
        null,
        0,
        0,
        null,
        0,
        0
      ],
      "/home/developer/Documents/Domination/support/app/uploaders/support/image_uploader.rb": [

      ],
      "/home/developer/Documents/Domination/support/app/uploaders/support/document_uploader.rb": [

      ],
      "/home/developer/Documents/Domination/support/app/models/support/person/staff.rb": [
        0,
        null,
        0,
        0,
        0,
        0,
        null,
        0,
        0,
        0,
        null,
        0,
        0,
        0
      ],
      "/home/developer/Documents/Domination/support/app/models/support/person/contract_type.rb": [
        0,
        null,
        0,
        0,
        0,
        0,
        0,
        0,
        0
      ],
      "/home/developer/Documents/Domination/support/app/models/support/person/staff_mirror.rb": [
        0,
        null,
        0,
        0,
        0,
        0,
        0,
        0,
        0
      ],
      "/home/developer/Documents/Domination/support/app/models/support/person/education_type.rb": [
        0,
        null,
        0,
        0,
        0,
        0,
        0,
        0,
        0,
        null
      ],
      "/home/developer/Documents/Domination/support/app/models/support/person/sector.rb": [
        0,
        null,
        0,
        0,
        0,
        0,
        0,
        0,
        0
      ],
      "/home/developer/Documents/Domination/support/app/models/support/person/job.rb": [
        0,
        null,
        0,
        0,
        0,
        0,
        0,
        0,
        0
      ],
      "/home/developer/Documents/Domination/support/app/models/support/pivotal/nav.rb": [
        0,
        null,
        0,
        0,
        0,
        0,
        0,
        0,
        0
      ],
      "/home/developer/Documents/Domination/support/app/models/support/pivotal/alert.rb": [
        0,
        null,
        0,
        0,
        0,
        0,
        0,
        0,
        0
      ],
      "/home/developer/Documents/Domination/support/app/models/support/pivotal/user_group.rb": [
        0,
        null,
        0,
        0,
        0,
        0,
        0,
        0,
        0
      ],
      "/home/developer/Documents/Domination/support/app/models/support/pivotal/permission_profile.rb": [
        0,
        null,
        0,
        0,
        0,
        0,
        0,
        0,
        0
      ],
      "/home/developer/Documents/Domination/support/app/models/support/pivotal/permission.rb": [
        0,
        null,
        0,
        0,
        0,
        0,
        0,
        0,
        0
      ],
      "/home/developer/Documents/Domination/support/app/models/support/pivotal/user_permission.rb": [
        0,
        null,
        0,
        0,
        0,
        0,
        0,
        0,
        0
      ],
      "/home/developer/Documents/Domination/support/app/models/support/pivotal/user_notification.rb": [
        0,
        null,
        0,
        0,
        0,
        0,
        0,
        0,
        0
      ],
      "/home/developer/Documents/Domination/support/app/models/support/pivotal/notification.rb": [
        0,
        null,
        0,
        0,
        0,
        0,
        0,
        0,
        0
      ],
      "/home/developer/Documents/Domination/support/app/models/support/helpdesk/ticket_type.rb": [
        0,
        null,
        0,
        0,
        0,
        0,
        0,
        0,
        0
      ],
      "/home/developer/Documents/Domination/support/app/models/support/helpdesk/situation_type.rb": [
        0,
        null,
        0,
        0,
        0,
        0,
        0,
        0,
        0
      ],
      "/home/developer/Documents/Domination/support/app/models/support/helpdesk/location.rb": [
        0,
        null,
        0,
        0,
        0,
        0,
        0,
        0,
        0
      ],
      "/home/developer/Documents/Domination/support/app/models/support/helpdesk/ticket_attachment.rb": [
        0,
        null,
        0,
        0,
        0,
        0,
        0,
        0,
        0
      ],
      "/home/developer/Documents/Domination/support/app/models/support/helpdesk/ticket_situation.rb": [
        0,
        null,
        0,
        0,
        0,
        0,
        0,
        0,
        0
      ],
      "/home/developer/Documents/Domination/support/app/models/support/helpdesk/ticket.rb": [
        0,
        null,
        0,
        0,
        0,
        0,
        0,
        0,
        0
      ],
      "/home/developer/Documents/Domination/support/app/models/support/helpdesk/ticket_rating.rb": [
        0,
        null,
        0,
        0,
        0,
        0,
        0,
        0,
        0
      ],
      "/home/developer/Documents/Domination/support/app/models/support/helpdesk/type_user.rb": [
        0,
        null,
        0,
        0,
        0,
        0,
        0,
        0,
        0
      ],
      "/home/developer/Documents/Domination/support/app/models/support/helpdesk/ticket_activity.rb": [
        0,
        null,
        0,
        0,
        0,
        0,
        0,
        0,
        0
      ],
      "/home/developer/Documents/Domination/support/app/models/support/common/state.rb": [
        0,
        null,
        0,
        0,
        0,
        0,
        0,
        0,
        0
      ],
      "/home/developer/Documents/Domination/support/app/models/support/common/gender.rb": [
        0,
        null,
        0,
        0,
        0,
        0,
        0,
        0,
        0
      ],
      "/home/developer/Documents/Domination/support/app/models/support/common/kinship.rb": [
        0,
        null,
        0,
        0,
        0,
        0,
        0,
        0,
        0
      ],
      "/home/developer/Documents/Domination/support/app/models/support/common/education_background.rb": [
        0,
        null,
        0,
        0,
        0,
        0,
        0,
        0,
        0
      ],
      "/home/developer/Documents/Domination/support/app/models/support/common/program.rb": [
        0,
        null,
        0,
        0,
        0,
        0,
        0,
        0,
        0
      ],
      "/home/developer/Documents/Domination/support/app/models/support/common/special_condition_type.rb": [
        0,
        null,
        0,
        0,
        0,
        0,
        0,
        0,
        0
      ],
      "/home/developer/Documents/Domination/support/app/models/support/common/civil_state.rb": [
        0,
        null,
        0,
        0,
        0,
        0,
        0,
        0,
        0
      ],
      "/home/developer/Documents/Domination/support/app/models/support/common/city.rb": [
        0,
        null,
        0,
        0,
        0,
        0,
        0,
        0,
        0
      ],
      "/home/developer/Documents/Domination/support/app/models/support/common/activity_type.rb": [
        0,
        null,
        0,
        0,
        0,
        0,
        0,
        0,
        0
      ],
      "/home/developer/Documents/Domination/support/app/models/support/entity/situation_type.rb": [
        0,
        null,
        0,
        0,
        0,
        0,
        0,
        0,
        0
      ],
      "/home/developer/Documents/Domination/support/app/models/support/entity/raffle_group_unit.rb": [
        0,
        null,
        0,
        0,
        0,
        0,
        0,
        0,
        0
      ],
      "/home/developer/Documents/Domination/support/app/models/support/entity/cadastre_document.rb": [
        0,
        null,
        0,
        0,
        0,
        0,
        0,
        0,
        0
      ],
      "/home/developer/Documents/Domination/support/app/models/support/entity/cadastre_mirror.rb": [
        0,
        null,
        0,
        0,
        0,
        0,
        0,
        0,
        0
      ],
      "/home/developer/Documents/Domination/support/app/models/support/entity/raffle.rb": [
        0,
        null,
        0,
        0,
        0,
        0,
        0,
        0,
        0
      ],
      "/home/developer/Documents/Domination/support/app/models/support/entity/cadastre_candidate.rb": [
        0,
        null,
        0,
        0,
        0,
        0,
        0,
        0,
        0
      ],
      "/home/developer/Documents/Domination/support/app/models/support/entity/cadastre_activity.rb": [
        0,
        null,
        0,
        0,
        0,
        0,
        0,
        0,
        0
      ],
      "/home/developer/Documents/Domination/support/app/models/support/entity/member_job.rb": [
        0,
        null,
        0,
        0,
        0,
        0,
        0,
        0,
        0
      ],
      "/home/developer/Documents/Domination/support/app/models/support/entity/cadastre.rb": [
        0,
        null,
        0,
        0,
        0,
        0,
        0,
        0,
        0
      ],
      "/home/developer/Documents/Domination/support/app/models/support/entity/provisonal_candidate.rb": [
        0,
        null,
        0,
        0,
        0,
        0,
        0,
        0,
        0
      ],
      "/home/developer/Documents/Domination/support/app/models/support/entity/member.rb": [
        0,
        null,
        0,
        0,
        0,
        0,
        0,
        0,
        0
      ],
      "/home/developer/Documents/Domination/support/app/models/support/entity/document_type.rb": [
        0,
        null,
        0,
        0,
        0,
        0,
        0,
        0,
        0
      ],
      "/home/developer/Documents/Domination/support/app/models/support/entity/raffle_manifestation.rb": [
        0,
        null,
        0,
        0,
        0,
        0,
        0,
        0,
        0
      ],
      "/home/developer/Documents/Domination/support/app/models/support/entity/raffle_group.rb": [
        0,
        null,
        0,
        0,
        0,
        0,
        0,
        0,
        0
      ],
      "/home/developer/Documents/Domination/support/app/models/support/entity/member_mirror.rb": [
        0,
        null,
        0,
        0,
        0,
        0,
        0,
        0,
        0
      ],
      "/home/developer/Documents/Domination/support/app/models/support/entity/cadastre_situation.rb": [
        0,
        null,
        0,
        0,
        0,
        0,
        0,
        0,
        0
      ],
      "/home/developer/Documents/Domination/support/app/models/support/cpl/document_participant.rb": [
        0,
        null,
        0,
        0,
        0,
        0,
        null,
        0,
        0,
        0,
        0,
        0
      ],
      "/home/developer/Documents/Domination/support/app/models/support/cpl/participant_log.rb": [
        0,
        null,
        0,
        0,
        0,
        0,
        null,
        0,
        0,
        0,
        0
      ],
      "/home/developer/Documents/Domination/support/app/models/support/cpl/notice_participant.rb": [
        0,
        null,
        0,
        0,
        0,
        0,
        null,
        0,
        0,
        0,
        0,
        0
      ],
      "/home/developer/Documents/Domination/support/app/models/support/cpl/participant.rb": [
        0,
        null,
        0,
        0,
        0,
        0,
        0,
        0,
        0
      ],
      "/home/developer/Documents/Domination/support/app/models/support/cpl/document_type.rb": [
        0,
        null,
        0,
        0,
        0,
        0,
        0,
        0,
        0
      ],
      "/home/developer/Documents/Domination/support/app/models/support/cpl/notice_type.rb": [
        0,
        null,
        0,
        0,
        0,
        0,
        0,
        0,
        0
      ],
      "/home/developer/Documents/Domination/support/app/models/support/cpl/notice_document.rb": [
        0,
        null,
        0,
        0,
        0,
        0,
        null,
        0,
        0,
        0,
        0,
        0
      ],
      "/home/developer/Documents/Domination/support/app/models/support/cpl/consult_documentation.rb": [
        0,
        null,
        0,
        0,
        0,
        0,
        null,
        0,
        0,
        0,
        0,
        0
      ],
      "/home/developer/Documents/Domination/support/app/helpers/support/application_helper.rb": [
        0,
        0,
        0,
        0
      ],
      "/home/developer/Documents/Domination/support/lib/support/version.rb": [
        0,
        0,
        0
      ]
    },
    "timestamp": 1532351066
  }
}
