{
  "RSpec": {
    "coverage": {
      "/home/developer/Documents/Projects/support/lib/support.rb": [
        1,
        null,
        1,
        null,
        null
      ],
      "/home/developer/Documents/Projects/support/lib/support/engine.rb": [
        1,
        null,
        1,
        1,
        1,
        null,
        1,
        1,
        null,
        null,
        1,
        1,
        1,
        1,
        null,
        null,
        1,
        null,
        null,
        1,
        1,
        1,
        1,
        1,
        null,
        null,
        null
      ],
      "/home/developer/Documents/Projects/support/app/models/support/audit.rb": [
        1,
        1,
        1,
        null,
        1,
        0,
        0,
        null,
        null,
        null,
        null,
        0,
        null,
        null,
        1,
        0,
        null,
        0,
        null,
        0,
        null,
        0,
        null,
        null,
        null,
        null,
        null
      ],
      "/home/developer/Documents/Projects/support/app/services/support/address/booking_service.rb": [
        1,
        1,
        1,
        null,
        null,
        null,
        1,
        1,
        1,
        1,
        null,
        null,
        1,
        1,
        null,
        null,
        0,
        null,
        null,
        null,
        null,
        null,
        null,
        0,
        null,
        0,
        0,
        null,
        null,
        1,
        null,
        1,
        null,
        null,
        null,
        null,
        null,
        null,
        null,
        null,
        null,
        0,
        null,
        null,
        null,
        null,
        1,
        null,
        null,
        null,
        null,
        null,
        null,
        0,
        null,
        null,
        null,
        null
      ],
      "/home/developer/Documents/Projects/support/app/models/support/candidate/cadastre.rb": [
        1,
        null,
        1,
        1,
        1,
        1,
        null,
        1,
        1,
        null,
        1,
        0,
        null,
        null,
        1,
        0,
        null,
        null,
        null,
        null
      ],
      "/home/developer/Documents/Projects/support/app/models/support/application_record.rb": [
        1,
        1,
        1,
        null,
        6,
        null,
        1,
        1,
        null,
        null,
        null,
        null,
        1,
        null,
        1,
        0,
        0,
        0,
        null,
        null,
        1,
        null,
        1,
        0,
        0,
        null,
        null,
        1,
        0,
        null,
        null,
        null
      ],
      "/home/developer/Documents/Projects/support/app/models/support/address/unit.rb": [
        1,
        null,
        1,
        1,
        1,
        1,
        null,
        1,
        1,
        null,
        1,
        0,
        null,
        null,
        2,
        0,
        null,
        null,
        1,
        1,
        null,
        null,
        null,
        null
      ],
      "/home/developer/Documents/Projects/support/app/models/support/pivotal/user.rb": [
        1,
        null,
        1,
        1,
        1,
        1,
        null,
        1,
        0,
        null,
        null,
        null,
        null,
        null
      ],
      "/home/developer/Documents/Projects/support/app/models/support/address/unit_situation.rb": [
        1,
        null,
        1,
        1,
        1,
        1,
        null,
        null,
        null
      ],
      "/home/developer/Documents/Projects/support/app/helpers/support/application_helper.rb": [
        0,
        0,
        0,
        0
      ],
      "/home/developer/Documents/Projects/support/app/presenters/support/brb/invoice_presenter.rb": [
        0,
        null,
        0,
        0,
        0,
        0,
        0,
        0,
        0,
        0
      ],
      "/home/developer/Documents/Projects/support/app/presenters/support/candidate/dependent_presenter.rb": [
        0,
        0,
        0,
        0,
        0,
        0,
        0,
        null,
        0,
        0,
        0,
        null,
        0,
        0,
        0,
        null,
        0,
        0,
        0,
        0,
        0,
        0,
        0,
        0
      ],
      "/home/developer/Documents/Projects/support/app/presenters/support/candidate/cadastre_mirror_presenter.rb": [
        0,
        0,
        0,
        0,
        0,
        0,
        0
      ],
      "/home/developer/Documents/Projects/support/app/presenters/support/candidate/cadastre_presenter.rb": [
        0,
        0,
        0,
        0,
        null,
        0,
        0,
        0,
        0,
        0,
        0,
        0,
        null,
        0,
        0,
        0,
        null,
        0,
        0,
        0,
        null,
        null,
        null,
        0,
        0,
        0,
        0,
        0,
        null,
        0,
        0,
        0,
        0,
        0,
        null,
        null,
        null,
        0,
        0,
        0,
        0,
        0,
        null,
        0,
        0,
        0,
        0,
        0,
        null,
        0,
        0,
        0,
        null,
        0,
        0,
        0,
        0,
        0,
        0,
        0,
        0
      ],
      "/home/developer/Documents/Projects/support/app/presenters/support/candidate/cadastre_inheritor_presenter.rb": [
        0,
        null,
        0,
        0,
        0,
        0,
        0,
        0,
        null,
        0,
        0,
        0,
        null,
        0,
        0,
        0,
        0,
        0,
        0
      ],
      "/home/developer/Documents/Projects/support/app/presenters/support/application_presenter.rb": [
        0,
        0,
        0,
        0,
        0,
        0,
        null,
        0,
        0,
        0,
        0,
        0
      ],
      "/home/developer/Documents/Projects/support/app/presenters/support/entity/cadastre_presenter.rb": [
        0,
        0,
        0,
        0,
        null,
        0,
        0,
        0,
        null,
        0,
        0,
        0
      ],
      "/home/developer/Documents/Projects/support/app/mailers/support/application_mailer.rb": [
        0,
        0,
        0,
        0,
        0,
        0
      ],
      "/home/developer/Documents/Projects/support/app/services/support/brb/creating_simple_barcode_service.rb": [
        0,
        0,
        0,
        null,
        null,
        null,
        null,
        null,
        null,
        null,
        0,
        0,
        0,
        0,
        null,
        0,
        0,
        0,
        null,
        0,
        0,
        0,
        0,
        null,
        0,
        0,
        null,
        0,
        0,
        0,
        null,
        0,
        0,
        0,
        0,
        null,
        0,
        0,
        0,
        0,
        null,
        null,
        0,
        0,
        0,
        null,
        0,
        0,
        0,
        null,
        0,
        null,
        0,
        0,
        null,
        0,
        0,
        0,
        null,
        0,
        0,
        null,
        0,
        0,
        0,
        0,
        null,
        0,
        null,
        0,
        null,
        0,
        0,
        0,
        0,
        null,
        null,
        0,
        0,
        0,
        0,
        null,
        0,
        null,
        0,
        0,
        0,
        null,
        0,
        0,
        0,
        0,
        null,
        0,
        0,
        0,
        null,
        0,
        null,
        0,
        0,
        0,
        0,
        0
      ],
      "/home/developer/Documents/Projects/support/app/services/support/brb/creating_barcode_service.rb": [
        0,
        0,
        0,
        0,
        0,
        0,
        null,
        null,
        0,
        null,
        0,
        0,
        0,
        0,
        0,
        null,
        0,
        0,
        0,
        0,
        null,
        0,
        0,
        null,
        null,
        0,
        0,
        0,
        null,
        0,
        null,
        0,
        null,
        0,
        0,
        0,
        0,
        0,
        0,
        null,
        0,
        0,
        0,
        0,
        null,
        0,
        0,
        0,
        null,
        null,
        null,
        0,
        0,
        0,
        null,
        0,
        0,
        0,
        null,
        0,
        0,
        0,
        null,
        null,
        0,
        0,
        0,
        null,
        0,
        0,
        0,
        null,
        null,
        null,
        0,
        0,
        0,
        null,
        0,
        0,
        0,
        0,
        null,
        0,
        0,
        0,
        null,
        0,
        0,
        0,
        0,
        null,
        0,
        0,
        0,
        null,
        0,
        0,
        0,
        0,
        null,
        null,
        0,
        0,
        0,
        null,
        0,
        0,
        0,
        null,
        0,
        0,
        0,
        0,
        0,
        null,
        null,
        0,
        0,
        null,
        0,
        0,
        0,
        0,
        0,
        0,
        0
      ],
      "/home/developer/Documents/Projects/support/app/services/support/activity_service.rb": [
        0,
        0,
        0,
        0,
        0,
        null,
        0,
        0,
        0,
        null,
        0,
        0,
        0,
        0,
        0,
        0,
        null,
        0,
        null,
        0,
        0,
        0,
        0,
        null,
        0,
        0,
        0,
        0,
        0
      ],
      "/home/developer/Documents/Projects/support/app/services/support/candidate/cadastre_service.rb": [
        0,
        0,
        null,
        0,
        null,
        0,
        0,
        0,
        0,
        null,
        null,
        0,
        0,
        null,
        0,
        0,
        0,
        0,
        0,
        0,
        0,
        null,
        0,
        null,
        0,
        0,
        null,
        0,
        0,
        0,
        0,
        0,
        0,
        0,
        null,
        0,
        0,
        null,
        0,
        0,
        0,
        null,
        null,
        0,
        0,
        null,
        0,
        0,
        0,
        0,
        0,
        null,
        0,
        0
      ],
      "/home/developer/Documents/Projects/support/app/services/support/candidate/score_service.rb": [
        0,
        0,
        0,
        null,
        null,
        null,
        null,
        null,
        null,
        null,
        null,
        null,
        null,
        0,
        null,
        0,
        null,
        null,
        null,
        null,
        0,
        null,
        null,
        null,
        null,
        0,
        null,
        null,
        0,
        null,
        null,
        0,
        null,
        0,
        0,
        null,
        0,
        null,
        null,
        0,
        null,
        null,
        0,
        null,
        null,
        0,
        null,
        null,
        null,
        null,
        0,
        0,
        null,
        0,
        0,
        0,
        0,
        0,
        0,
        null,
        null,
        null,
        0,
        0,
        0,
        null,
        null,
        null,
        0,
        null,
        0,
        0,
        null,
        0,
        0,
        0,
        null,
        null,
        0,
        null,
        0,
        0,
        null,
        null,
        null,
        0,
        0,
        0,
        null,
        null,
        0,
        0,
        0,
        0,
        null,
        null,
        null,
        null,
        0,
        0,
        0,
        null,
        null,
        0,
        0,
        0,
        0,
        0,
        null,
        0,
        0,
        0,
        0,
        0,
        0,
        null,
        null,
        0,
        0,
        0,
        0,
        null,
        null,
        null,
        0,
        null,
        null,
        0,
        null,
        0,
        null,
        0,
        0,
        0,
        0,
        0,
        null,
        null,
        0,
        0,
        null,
        0,
        0,
        0,
        0,
        0,
        0,
        0,
        0
      ],
      "/home/developer/Documents/Projects/support/app/services/support/sefaz_service.rb": [
        0,
        0,
        0,
        null,
        0,
        0,
        null,
        0,
        null,
        0,
        0,
        0,
        0,
        null,
        0,
        0,
        null,
        0,
        null,
        0,
        0,
        0,
        0,
        0,
        null,
        0,
        0,
        0,
        null,
        0,
        0
      ],
      "/home/developer/Documents/Projects/support/app/services/support/attendance/ticket_service.rb": [
        0,
        0,
        null,
        0,
        null,
        0,
        0,
        0,
        null,
        0,
        0,
        0,
        null,
        0,
        null,
        0,
        0,
        0,
        0,
        null,
        0,
        0
      ],
      "/home/developer/Documents/Projects/support/app/utilities/support/nil_utility.rb": [
        0,
        0,
        null,
        0,
        0,
        0,
        null,
        0,
        0
      ],
      "/home/developer/Documents/Projects/support/app/utilities/support/time_utility.rb": [
        0,
        0,
        null,
        0,
        0,
        0,
        null,
        0,
        0,
        0,
        null,
        0,
        0,
        0,
        0,
        0
      ],
      "/home/developer/Documents/Projects/support/app/utilities/support/boolean_utility.rb": [
        0,
        0,
        0,
        0,
        0,
        0,
        0
      ],
      "/home/developer/Documents/Projects/support/app/utilities/support/date_utility.rb": [
        0,
        0,
        0,
        0,
        0,
        null,
        0,
        0,
        0,
        null,
        0,
        0,
        0,
        0,
        0
      ],
      "/home/developer/Documents/Projects/support/app/utilities/support/string_utility.rb": [
        null,
        0,
        null,
        0,
        0,
        null,
        0,
        0,
        0,
        null,
        0,
        0,
        0,
        0,
        0,
        0,
        0,
        null,
        0,
        0,
        0,
        0,
        0,
        null,
        0,
        0,
        0,
        null,
        0,
        0,
        0,
        0,
        0,
        null,
        0,
        null,
        0,
        0,
        0,
        0,
        null,
        0,
        0,
        0,
        null,
        0,
        0,
        0,
        null,
        null,
        0,
        0,
        0,
        null,
        null,
        0,
        0,
        0,
        0,
        null,
        0,
        0,
        null,
        0,
        0,
        0,
        0,
        null,
        0,
        0,
        null,
        0,
        0
      ],
      "/home/developer/Documents/Projects/support/app/utilities/support/integer_utility.rb": [
        0,
        0,
        0,
        0,
        0,
        0,
        0,
        0
      ],
      "/home/developer/Documents/Projects/support/app/models/support/juridical/instancy.rb": [
        0,
        null,
        0,
        0,
        0,
        0,
        0,
        0,
        0
      ],
      "/home/developer/Documents/Projects/support/app/models/support/juridical/instancy_place.rb": [
        0,
        null,
        0,
        0,
        0,
        0,
        0,
        0,
        0
      ],
      "/home/developer/Documents/Projects/support/app/models/support/juridical/legal_advice.rb": [
        0,
        null,
        0,
        0,
        0,
        0,
        0,
        0,
        0
      ],
      "/home/developer/Documents/Projects/support/app/models/support/juridical/lawsuit.rb": [
        0,
        null,
        0,
        0,
        0,
        0,
        0,
        0,
        0
      ],
      "/home/developer/Documents/Projects/support/app/models/support/juridical/complement.rb": [
        0,
        null,
        0,
        0,
        0,
        0,
        0,
        0,
        0
      ],
      "/home/developer/Documents/Projects/support/app/models/support/juridical/defendant.rb": [
        0,
        null,
        0,
        0,
        0,
        0,
        0,
        0,
        0
      ],
      "/home/developer/Documents/Projects/support/app/models/support/juridical/complainant.rb": [
        0,
        null,
        0,
        0,
        0,
        0,
        0,
        0,
        0
      ],
      "/home/developer/Documents/Projects/support/app/models/support/juridical/advice_type.rb": [
        0,
        null,
        0,
        0,
        0,
        0,
        0,
        0,
        0
      ],
      "/home/developer/Documents/Projects/support/app/models/support/protocol/allotment.rb": [
        0,
        null,
        0,
        0,
        0,
        0,
        0,
        0,
        0
      ],
      "/home/developer/Documents/Projects/support/app/models/support/protocol/document_type.rb": [
        0,
        null,
        0,
        0,
        0,
        0,
        0,
        0,
        0
      ],
      "/home/developer/Documents/Projects/support/app/models/support/protocol/attach_document.rb": [
        0,
        null,
        0,
        0,
        0,
        0,
        0,
        0,
        0
      ],
      "/home/developer/Documents/Projects/support/app/models/support/protocol/assessment.rb": [
        0,
        null,
        0,
        0,
        0,
        0,
        0,
        0,
        0
      ],
      "/home/developer/Documents/Projects/support/app/models/support/protocol/digital_document.rb": [
        0,
        null,
        0,
        0,
        0,
        0,
        0,
        0,
        0
      ],
      "/home/developer/Documents/Projects/support/app/models/support/protocol/location.rb": [
        0,
        null,
        0,
        0,
        0,
        0,
        0,
        0,
        0
      ],
      "/home/developer/Documents/Projects/support/app/models/support/protocol/subject.rb": [
        0,
        null,
        0,
        0,
        0,
        0,
        0,
        0,
        0
      ],
      "/home/developer/Documents/Projects/support/app/models/support/protocol/conduct.rb": [
        0,
        null,
        0,
        0,
        0,
        0,
        0,
        0,
        0
      ],
      "/home/developer/Documents/Projects/support/app/models/support/social/answer.rb": [
        0,
        null,
        0,
        0,
        0,
        0,
        0,
        0,
        0
      ],
      "/home/developer/Documents/Projects/support/app/models/support/social/dependent.rb": [
        0,
        null,
        0,
        0,
        0,
        0,
        0,
        0,
        0
      ],
      "/home/developer/Documents/Projects/support/app/models/support/social/cadastre_activity.rb": [
        0,
        null,
        0,
        0,
        0,
        0,
        0,
        0,
        0
      ],
      "/home/developer/Documents/Projects/support/app/models/support/social/question.rb": [
        0,
        null,
        0,
        0,
        0,
        0,
        0,
        0,
        0
      ],
      "/home/developer/Documents/Projects/support/app/models/support/social/document_type.rb": [
        0,
        null,
        0,
        0,
        0,
        0,
        0,
        0,
        0
      ],
      "/home/developer/Documents/Projects/support/app/models/support/social/cadastre_document.rb": [
        0,
        null,
        0,
        0,
        0,
        0,
        0,
        0,
        0
      ],
      "/home/developer/Documents/Projects/support/app/models/support/social/activity_type.rb": [
        0,
        null,
        0,
        0,
        0,
        0,
        0,
        0,
        0
      ],
      "/home/developer/Documents/Projects/support/app/models/support/social/step.rb": [
        0,
        null,
        0,
        0,
        0,
        0,
        0,
        0,
        0
      ],
      "/home/developer/Documents/Projects/support/app/models/support/social/cadastre_schedule.rb": [
        0,
        null,
        0,
        0,
        0,
        0,
        0,
        0,
        0
      ],
      "/home/developer/Documents/Projects/support/app/models/support/social/city.rb": [
        0,
        null,
        0,
        0,
        0,
        0,
        0,
        0,
        0
      ],
      "/home/developer/Documents/Projects/support/app/models/support/social/cadastre_step.rb": [
        0,
        null,
        0,
        0,
        0,
        0,
        0,
        0,
        0
      ],
      "/home/developer/Documents/Projects/support/app/models/support/social/burgh.rb": [
        0,
        null,
        0,
        0,
        0,
        0,
        0,
        0,
        0
      ],
      "/home/developer/Documents/Projects/support/app/models/support/social/question_multiple.rb": [
        0,
        null,
        0,
        0,
        0,
        0,
        0,
        0,
        0
      ],
      "/home/developer/Documents/Projects/support/app/models/support/social/cadastre.rb": [
        0,
        null,
        0,
        0,
        0,
        0,
        0,
        0,
        0
      ],
      "/home/developer/Documents/Projects/support/app/models/support/wiki/tooltip_category.rb": [
        0,
        0,
        0,
        0,
        0,
        0,
        0,
        0,
        0
      ],
      "/home/developer/Documents/Projects/support/app/models/support/wiki/topic.rb": [
        0,
        0,
        0,
        0,
        0,
        0,
        0,
        0,
        0
      ],
      "/home/developer/Documents/Projects/support/app/models/support/wiki/page.rb": [
        0,
        null,
        0,
        0,
        0,
        0,
        null,
        0,
        0,
        0,
        0
      ],
      "/home/developer/Documents/Projects/support/app/models/support/wiki/page_user.rb": [
        0,
        null,
        0,
        0,
        0,
        0,
        0,
        0,
        0,
        0
      ],
      "/home/developer/Documents/Projects/support/app/models/support/wiki/tooltip.rb": [
        0,
        0,
        0,
        0,
        0,
        0,
        0,
        0,
        0
      ],
      "/home/developer/Documents/Projects/support/app/models/support/cms/post_category.rb": [
        0,
        null,
        0,
        0,
        0,
        0,
        null,
        0,
        0,
        0,
        0
      ],
      "/home/developer/Documents/Projects/support/app/models/support/cms/nav_category.rb": [
        0,
        null,
        0,
        0,
        0,
        0,
        null,
        0,
        0,
        0,
        0
      ],
      "/home/developer/Documents/Projects/support/app/models/support/cms/post.rb": [
        0,
        null,
        0,
        0,
        0,
        0,
        null,
        0,
        0,
        0,
        0
      ],
      "/home/developer/Documents/Projects/support/app/models/support/cms/archive.rb": [
        0,
        null,
        0,
        0,
        0,
        0,
        null,
        0,
        0,
        0,
        0
      ],
      "/home/developer/Documents/Projects/support/app/models/support/cms/nav_category_type.rb": [
        0,
        null,
        0,
        0,
        0,
        0,
        null,
        0,
        0,
        0,
        0
      ],
      "/home/developer/Documents/Projects/support/app/models/support/cms/nav.rb": [
        0,
        null,
        0,
        0,
        0,
        0,
        null,
        0,
        0,
        0,
        0
      ],
      "/home/developer/Documents/Projects/support/app/models/support/cms/post_category_type.rb": [
        0,
        null,
        0,
        0,
        0,
        0,
        null,
        0,
        0,
        0,
        0
      ],
      "/home/developer/Documents/Projects/support/app/models/support/brb/format.rb": [
        0,
        0,
        0,
        0,
        0,
        0,
        0,
        0,
        0,
        0,
        null,
        null,
        0,
        0,
        0,
        0,
        0,
        0,
        0,
        null,
        0,
        0,
        0,
        null,
        0,
        0,
        null,
        0,
        0,
        0,
        0,
        0,
        0
      ],
      "/home/developer/Documents/Projects/support/app/models/support/brb/invoice_situation.rb": [
        0,
        null,
        0,
        0,
        0,
        0,
        0,
        0,
        0
      ],
      "/home/developer/Documents/Projects/support/app/models/support/brb/invoice_type.rb": [
        0,
        null,
        0,
        0,
        0,
        0,
        0,
        0,
        0
      ],
      "/home/developer/Documents/Projects/support/app/models/support/brb/remittance.rb": [
        0,
        null,
        0,
        0,
        0,
        0,
        null,
        0,
        0,
        0
      ],
      "/home/developer/Documents/Projects/support/app/models/support/brb/calculation.rb": [
        0,
        0,
        0,
        0,
        0,
        0,
        null,
        0,
        0,
        0,
        0,
        null,
        0,
        0,
        null,
        0,
        0,
        null,
        0,
        0,
        0,
        null,
        0,
        0,
        0,
        0,
        0,
        null,
        0,
        0,
        0,
        null,
        0,
        0,
        0,
        null,
        0,
        0,
        0,
        null,
        0,
        0,
        0,
        0,
        null,
        0,
        0,
        null,
        0,
        0,
        0,
        0,
        0,
        0,
        0,
        0,
        0,
        0,
        null,
        0,
        null,
        0,
        0,
        null,
        0,
        0,
        0,
        0,
        0,
        null,
        0,
        0,
        null,
        0,
        0,
        0,
        null,
        0,
        0,
        0,
        0,
        0,
        0,
        0,
        0
      ],
      "/home/developer/Documents/Projects/support/app/models/support/brb/invoice.rb": [
        0,
        null,
        0,
        0,
        0,
        0,
        0,
        null,
        0,
        0,
        0,
        null,
        0,
        null,
        0,
        0,
        null,
        0,
        0,
        0,
        0,
        0,
        0,
        0,
        0,
        null,
        0,
        0,
        0,
        null,
        0,
        null,
        0,
        0,
        0,
        0,
        0,
        0,
        null,
        0,
        0,
        0,
        0,
        0,
        0,
        0,
        0,
        null,
        0,
        0,
        0,
        0,
        0,
        0,
        0,
        null,
        0,
        0,
        0,
        0,
        0,
        0,
        0,
        0,
        0,
        0,
        0,
        0,
        0,
        0,
        0,
        0,
        0,
        0,
        0,
        0,
        0,
        0,
        0
      ],
      "/home/developer/Documents/Projects/support/app/models/support/brb/barcode.rb": [
        0,
        0,
        0,
        0,
        null,
        null,
        null,
        null,
        0,
        null,
        null,
        0,
        null,
        null,
        null,
        0,
        null,
        null,
        0,
        null,
        0,
        null,
        0,
        null,
        0,
        0,
        0,
        0,
        0,
        null,
        0,
        0,
        0,
        0,
        null,
        null,
        0,
        0,
        0,
        null,
        0,
        0,
        0,
        null,
        null,
        0,
        null,
        0,
        null,
        0,
        0,
        null,
        0,
        0,
        0,
        null,
        0,
        0,
        0,
        null,
        0,
        0,
        0,
        null,
        0,
        0,
        0,
        null,
        0,
        0,
        0,
        0,
        0,
        0,
        0,
        null,
        0,
        0,
        0,
        0,
        0,
        0,
        0,
        null,
        0,
        0,
        0,
        null,
        0,
        0,
        0,
        null,
        0,
        0,
        0,
        null,
        0,
        0,
        0,
        null,
        null,
        0,
        0,
        0,
        null,
        0,
        null,
        0,
        0,
        null,
        0,
        0,
        0,
        null,
        0,
        null,
        0,
        0,
        0,
        0,
        null,
        0,
        0,
        0,
        0,
        0,
        0,
        0,
        null,
        0,
        0,
        0,
        0,
        0,
        0,
        0
      ],
      "/home/developer/Documents/Projects/support/app/models/support/brb/category.rb": [
        0,
        null,
        0,
        0,
        0,
        0,
        0,
        null,
        0,
        null,
        0,
        null,
        0,
        0,
        0,
        0,
        0,
        0
      ],
      "/home/developer/Documents/Projects/support/app/models/support/cpl/attachment_type.rb": [
        0,
        null,
        0,
        0,
        0,
        0,
        0,
        0,
        0
      ],
      "/home/developer/Documents/Projects/support/app/models/support/cpl/participant.rb": [
        0,
        null,
        0,
        0,
        0,
        0,
        0,
        0,
        0
      ],
      "/home/developer/Documents/Projects/support/app/models/support/cpl/notice_attachment.rb": [
        0,
        null,
        0,
        0,
        0,
        0,
        0,
        0,
        0
      ],
      "/home/developer/Documents/Projects/support/app/models/support/cpl/document_type.rb": [
        0,
        null,
        0,
        0,
        0,
        0,
        0,
        0,
        0
      ],
      "/home/developer/Documents/Projects/support/app/models/support/cpl/notice_participant.rb": [
        0,
        null,
        0,
        0,
        0,
        0,
        0,
        0,
        0
      ],
      "/home/developer/Documents/Projects/support/app/models/support/cpl/participant_log.rb": [
        0,
        null,
        0,
        0,
        0,
        0,
        0,
        0,
        0
      ],
      "/home/developer/Documents/Projects/support/app/models/support/cpl/notice_document.rb": [
        0,
        null,
        0,
        0,
        0,
        0,
        0,
        0,
        0
      ],
      "/home/developer/Documents/Projects/support/app/models/support/cpl/document_participant.rb": [
        0,
        null,
        0,
        0,
        0,
        0,
        0,
        0,
        0
      ],
      "/home/developer/Documents/Projects/support/app/models/support/cpl/consult_documentation.rb": [
        0,
        null,
        0,
        0,
        0,
        0,
        null,
        0,
        0,
        0
      ],
      "/home/developer/Documents/Projects/support/app/models/support/cpl/notice.rb": [
        0,
        null,
        0,
        0,
        0,
        0,
        0,
        0,
        0
      ],
      "/home/developer/Documents/Projects/support/app/models/support/cpl/notice_type.rb": [
        0,
        null,
        0,
        0,
        0,
        0,
        0,
        0,
        0
      ],
      "/home/developer/Documents/Projects/support/app/models/support/common/state.rb": [
        0,
        null,
        0,
        0,
        0,
        0,
        0,
        0,
        0
      ],
      "/home/developer/Documents/Projects/support/app/models/support/common/activity_type.rb": [
        0,
        null,
        0,
        0,
        0,
        0,
        0,
        0,
        0
      ],
      "/home/developer/Documents/Projects/support/app/models/support/common/special_condition_type.rb": [
        0,
        null,
        0,
        0,
        0,
        0,
        0,
        0,
        0
      ],
      "/home/developer/Documents/Projects/support/app/models/support/common/city.rb": [
        0,
        null,
        0,
        0,
        0,
        0,
        null,
        0,
        null,
        0,
        0,
        0,
        null,
        0,
        0,
        0,
        0,
        0,
        0
      ],
      "/home/developer/Documents/Projects/support/app/models/support/common/kinship.rb": [
        0,
        null,
        0,
        0,
        0,
        0,
        0,
        0,
        0
      ],
      "/home/developer/Documents/Projects/support/app/models/support/common/education_background.rb": [
        0,
        null,
        0,
        0,
        0,
        0,
        0,
        0,
        0
      ],
      "/home/developer/Documents/Projects/support/app/models/support/common/program.rb": [
        0,
        null,
        0,
        0,
        0,
        0,
        0,
        0,
        0
      ],
      "/home/developer/Documents/Projects/support/app/models/support/common/gender.rb": [
        0,
        null,
        0,
        0,
        0,
        0,
        0,
        0,
        0
      ],
      "/home/developer/Documents/Projects/support/app/models/support/common/civil_state.rb": [
        0,
        null,
        0,
        0,
        0,
        0,
        0,
        0,
        0
      ],
      "/home/developer/Documents/Projects/support/app/models/support/candidate/dependent.rb": [
        0,
        null,
        0,
        0,
        0,
        0,
        null,
        0,
        0,
        0,
        0,
        0,
        0
      ],
      "/home/developer/Documents/Projects/support/app/models/support/candidate/cadin.rb": [
        0,
        null,
        0,
        0,
        0,
        0,
        null,
        0,
        0,
        0,
        0
      ],
      "/home/developer/Documents/Projects/support/app/models/support/candidate/indication_allotment.rb": [
        0,
        0,
        0,
        0
      ],
      "/home/developer/Documents/Projects/support/app/models/support/candidate/cadastre_activity.rb": [
        0,
        null,
        0,
        0,
        0,
        0,
        null,
        0,
        0,
        0,
        0
      ],
      "/home/developer/Documents/Projects/support/app/models/support/candidate/cadastre_indication.rb": [
        0,
        0,
        0,
        0
      ],
      "/home/developer/Documents/Projects/support/app/models/support/candidate/situation_type.rb": [
        0,
        null,
        0,
        0,
        0,
        0,
        null,
        0,
        0,
        0,
        0
      ],
      "/home/developer/Documents/Projects/support/app/models/support/candidate/activity_type.rb": [
        0,
        null,
        0,
        0,
        0,
        0,
        null,
        0,
        0,
        0,
        0
      ],
      "/home/developer/Documents/Projects/support/app/models/support/candidate/cadastre_situation.rb": [
        0,
        null,
        0,
        0,
        0,
        0,
        null,
        0,
        null,
        0,
        0,
        0,
        0
      ],
      "/home/developer/Documents/Projects/support/app/models/support/candidate/eventual_cadastre.rb": [
        0,
        null,
        0,
        0,
        0,
        0,
        0,
        0,
        0
      ],
      "/home/developer/Documents/Projects/support/app/models/support/candidate/cadastre_inheritor.rb": [
        0,
        null,
        0,
        0,
        0,
        0,
        null,
        0,
        0,
        0,
        0
      ],
      "/home/developer/Documents/Projects/support/app/models/support/candidate/procedure_document.rb": [
        0,
        0,
        0,
        0
      ],
      "/home/developer/Documents/Projects/support/app/models/support/candidate/cadastre_convocation.rb": [
        0,
        null,
        0,
        0,
        0,
        0,
        null,
        0,
        0,
        0,
        0
      ],
      "/home/developer/Documents/Projects/support/app/models/support/candidate/cadastre_mirror.rb": [
        0,
        null,
        0,
        0,
        0,
        0,
        0,
        null,
        0,
        null,
        0,
        0,
        0,
        0,
        0,
        0
      ],
      "/home/developer/Documents/Projects/support/app/models/support/candidate/indication_situation_type.rb": [
        0,
        0,
        0,
        0
      ],
      "/home/developer/Documents/Projects/support/app/models/support/candidate/indication_situation.rb": [
        0,
        0,
        0,
        0
      ],
      "/home/developer/Documents/Projects/support/app/models/support/candidate/iptu.rb": [
        0,
        0,
        0,
        0
      ],
      "/home/developer/Documents/Projects/support/app/models/support/candidate/cadastre_position.rb": [
        0,
        0,
        0,
        0
      ],
      "/home/developer/Documents/Projects/support/app/models/support/candidate/dependent_mirror.rb": [
        0,
        null,
        0,
        0,
        0,
        0,
        null,
        0,
        0,
        0,
        0,
        0,
        0
      ],
      "/home/developer/Documents/Projects/support/app/models/support/candidate/procedural_type.rb": [
        0,
        null,
        0,
        0,
        0,
        0,
        null,
        0,
        0,
        0,
        0
      ],
      "/home/developer/Documents/Projects/support/app/models/support/candidate/cadastre_occurrence.rb": [
        0,
        0,
        0,
        0
      ],
      "/home/developer/Documents/Projects/support/app/models/support/candidate/activity_document.rb": [
        0,
        0,
        0,
        0
      ],
      "/home/developer/Documents/Projects/support/app/models/support/candidate/occurrence_target.rb": [
        0,
        0,
        0,
        0
      ],
      "/home/developer/Documents/Projects/support/app/models/support/candidate/program.rb": [
        0,
        null,
        0,
        0,
        0,
        0,
        null,
        0,
        0,
        0,
        0
      ],
      "/home/developer/Documents/Projects/support/app/models/support/candidate/indication_allotment_cadastre.rb": [
        0,
        0,
        0,
        0
      ],
      "/home/developer/Documents/Projects/support/app/models/support/candidate/cadastre_pontuation.rb": [
        0,
        null,
        0,
        0,
        0,
        0,
        null,
        0,
        0,
        0,
        0
      ],
      "/home/developer/Documents/Projects/support/app/models/support/candidate/convocation.rb": [
        0,
        null,
        0,
        0,
        0,
        0,
        null,
        0,
        0,
        0,
        0
      ],
      "/home/developer/Documents/Projects/support/app/models/support/candidate/list.rb": [
        0,
        0,
        0,
        0
      ],
      "/home/developer/Documents/Projects/support/app/models/support/candidate/indication_evaluation.rb": [
        0,
        0,
        0,
        0
      ],
      "/home/developer/Documents/Projects/support/app/models/support/candidate/cadastre_procedural.rb": [
        0,
        null,
        0,
        0,
        0,
        0,
        null,
        0,
        null,
        0,
        0,
        0,
        0
      ],
      "/home/developer/Documents/Projects/support/app/models/support/sefaz/allotment.rb": [
        0,
        null,
        0,
        0,
        0,
        0,
        null,
        0,
        0,
        0,
        0
      ],
      "/home/developer/Documents/Projects/support/app/models/support/sefaz/request_type.rb": [
        0,
        null,
        0,
        0,
        0,
        0,
        null,
        0,
        0,
        0,
        0
      ],
      "/home/developer/Documents/Projects/support/app/models/support/sefaz/notifier.rb": [
        0,
        null,
        0,
        0,
        0,
        0,
        null,
        0,
        0,
        0,
        0
      ],
      "/home/developer/Documents/Projects/support/app/models/support/sefaz/exemption_type.rb": [
        0,
        null,
        0,
        0,
        0,
        0,
        0,
        0,
        0
      ],
      "/home/developer/Documents/Projects/support/app/models/support/sefaz/exemption.rb": [
        0,
        null,
        0,
        0,
        0,
        0,
        null,
        0,
        0,
        0,
        0
      ],
      "/home/developer/Documents/Projects/support/app/models/support/sefaz/request_situation.rb": [
        0,
        null,
        0,
        0,
        0,
        0,
        null,
        0,
        0,
        0,
        0
      ],
      "/home/developer/Documents/Projects/support/app/models/support/communication/ticket_target.rb": [
        0,
        null,
        0,
        0,
        0,
        0,
        0,
        0,
        0
      ],
      "/home/developer/Documents/Projects/support/app/models/support/communication/template_user.rb": [
        0,
        null,
        0,
        0,
        0,
        0,
        0,
        0,
        0
      ],
      "/home/developer/Documents/Projects/support/app/models/support/communication/ticket.rb": [
        0,
        null,
        0,
        0,
        0,
        0,
        0,
        0,
        0
      ],
      "/home/developer/Documents/Projects/support/app/models/support/communication/template.rb": [
        0,
        null,
        0,
        0,
        0,
        0,
        0,
        0,
        0
      ],
      "/home/developer/Documents/Projects/support/app/models/support/entity/cadastre_candidate.rb": [
        0,
        null,
        0,
        0,
        0,
        0,
        null,
        0,
        0,
        0,
        0
      ],
      "/home/developer/Documents/Projects/support/app/models/support/entity/cadastre_activity.rb": [
        0,
        null,
        0,
        0,
        0,
        0,
        null,
        0,
        0,
        0,
        0
      ],
      "/home/developer/Documents/Projects/support/app/models/support/entity/cadastre_member_mirror.rb": [
        0,
        null,
        0,
        0,
        0,
        0,
        null,
        0,
        0,
        0,
        0
      ],
      "/home/developer/Documents/Projects/support/app/models/support/entity/document_type.rb": [
        0,
        null,
        0,
        0,
        0,
        0,
        null,
        0,
        0,
        0,
        0
      ],
      "/home/developer/Documents/Projects/support/app/models/support/entity/cadastre_document.rb": [
        0,
        null,
        0,
        0,
        0,
        0,
        null,
        0,
        0,
        0,
        0
      ],
      "/home/developer/Documents/Projects/support/app/models/support/entity/raffle.rb": [
        0,
        null,
        0,
        0,
        0,
        0,
        null,
        0,
        0,
        0,
        0
      ],
      "/home/developer/Documents/Projects/support/app/models/support/entity/cadastre_situation.rb": [
        0,
        null,
        0,
        0,
        0,
        0,
        null,
        0,
        0,
        0,
        0
      ],
      "/home/developer/Documents/Projects/support/app/models/support/entity/cadastre_member.rb": [
        0,
        null,
        0,
        0,
        0,
        0,
        null,
        0,
        0,
        0,
        0
      ],
      "/home/developer/Documents/Projects/support/app/models/support/entity/member_job.rb": [
        0,
        null,
        0,
        0,
        0,
        0,
        null,
        0,
        0,
        0,
        0
      ],
      "/home/developer/Documents/Projects/support/app/models/support/entity/cadastre_mirror.rb": [
        0,
        null,
        0,
        0,
        0,
        0,
        null,
        0,
        0,
        0,
        0
      ],
      "/home/developer/Documents/Projects/support/app/models/support/entity/raffle_group_unit.rb": [
        0,
        null,
        0,
        0,
        0,
        0,
        null,
        0,
        0,
        0,
        0
      ],
      "/home/developer/Documents/Projects/support/app/models/support/entity/raffle_manifestation.rb": [
        0,
        null,
        0,
        0,
        0,
        0,
        null,
        0,
        0,
        0,
        0
      ],
      "/home/developer/Documents/Projects/support/app/models/support/entity/raffle_group.rb": [
        0,
        null,
        0,
        0,
        0,
        0,
        null,
        0,
        0,
        0,
        0
      ],
      "/home/developer/Documents/Projects/support/app/models/support/entity/cadastre.rb": [
        0,
        null,
        0,
        0,
        0,
        0,
        null,
        0,
        0,
        0,
        0
      ],
      "/home/developer/Documents/Projects/support/app/models/support/attendance/attendance_ticket_situation_type.rb": [
        0,
        0,
        0,
        0
      ],
      "/home/developer/Documents/Projects/support/app/models/support/attendance/attendance_ticket_step.rb": [
        0,
        0,
        0,
        0
      ],
      "/home/developer/Documents/Projects/support/app/models/support/attendance/attendance_ticket_situation.rb": [
        0,
        0,
        0,
        0
      ],
      "/home/developer/Documents/Projects/support/app/models/support/attendance/attendance_ticket_document.rb": [
        0,
        0,
        0,
        0
      ],
      "/home/developer/Documents/Projects/support/app/models/support/attendance/requeriment.rb": [
        0,
        null,
        0,
        0,
        0,
        0,
        0,
        0,
        0
      ],
      "/home/developer/Documents/Projects/support/app/models/support/attendance/requeriment_category.rb": [
        0,
        null,
        0,
        0,
        0,
        0,
        0,
        0,
        0
      ],
      "/home/developer/Documents/Projects/support/app/models/support/attendance/document_type.rb": [
        0,
        null,
        0,
        0,
        0,
        0,
        0,
        0,
        0
      ],
      "/home/developer/Documents/Projects/support/app/models/support/attendance/agenda_schedule.rb": [
        0,
        null,
        0,
        0,
        0,
        0,
        0,
        0,
        0
      ],
      "/home/developer/Documents/Projects/support/app/models/support/attendance/attendant_station.rb": [
        0,
        null,
        0,
        0,
        0,
        0,
        null,
        0,
        0,
        0,
        0
      ],
      "/home/developer/Documents/Projects/support/app/models/support/attendance/eventual_cadastre.rb": [
        0,
        null,
        0,
        0,
        0,
        0,
        0,
        0,
        0
      ],
      "/home/developer/Documents/Projects/support/app/models/support/attendance/station_situation.rb": [
        0,
        null,
        0,
        0,
        0,
        0,
        null,
        0,
        0,
        0,
        0
      ],
      "/home/developer/Documents/Projects/support/app/models/support/attendance/attendant_type.rb": [
        0,
        null,
        0,
        0,
        0,
        0,
        null,
        0,
        0,
        0,
        0
      ],
      "/home/developer/Documents/Projects/support/app/models/support/attendance/agenda_responsible.rb": [
        0,
        null,
        0,
        0,
        0,
        0,
        0,
        0,
        0
      ],
      "/home/developer/Documents/Projects/support/app/models/support/attendance/agenda_category.rb": [
        0,
        null,
        0,
        0,
        0,
        0,
        0,
        0,
        0
      ],
      "/home/developer/Documents/Projects/support/app/models/support/attendance/ticket_category_step.rb": [
        0,
        null,
        0,
        0,
        0,
        0,
        0,
        0,
        0
      ],
      "/home/developer/Documents/Projects/support/app/models/support/attendance/daily_preferential_type.rb": [
        0,
        null,
        0,
        0,
        0,
        0,
        null,
        0,
        0,
        0,
        0
      ],
      "/home/developer/Documents/Projects/support/app/models/support/attendance/agenda.rb": [
        0,
        null,
        0,
        0,
        0,
        0,
        0,
        0,
        0
      ],
      "/home/developer/Documents/Projects/support/app/models/support/attendance/step.rb": [
        0,
        null,
        0,
        0,
        0,
        0,
        0,
        0,
        0
      ],
      "/home/developer/Documents/Projects/support/app/models/support/attendance/ticket_situation_type.rb": [
        0,
        null,
        0,
        0,
        0,
        0,
        null,
        0,
        0,
        0
      ],
      "/home/developer/Documents/Projects/support/app/models/support/attendance/ticket.rb": [
        0,
        null,
        0,
        0,
        0,
        0,
        null,
        0,
        0,
        0,
        0
      ],
      "/home/developer/Documents/Projects/support/app/models/support/attendance/requeriment_situation.rb": [
        0,
        null,
        0,
        0,
        0,
        0,
        0,
        0
      ],
      "/home/developer/Documents/Projects/support/app/models/support/attendance/station.rb": [
        0,
        null,
        0,
        0,
        0,
        0,
        null,
        0,
        0,
        0,
        0
      ],
      "/home/developer/Documents/Projects/support/app/models/support/attendance/ticket_category.rb": [
        0,
        null,
        0,
        0,
        0,
        0,
        0,
        0,
        0
      ],
      "/home/developer/Documents/Projects/support/app/models/support/attendance/attendant.rb": [
        0,
        null,
        0,
        0,
        0,
        0,
        null,
        0,
        0,
        0,
        0
      ],
      "/home/developer/Documents/Projects/support/app/models/support/attendance/chat.rb": [
        0,
        null,
        0,
        0,
        0,
        0,
        0,
        0,
        0
      ],
      "/home/developer/Documents/Projects/support/app/models/support/attendance/agenda_reference.rb": [
        0,
        null,
        0,
        0,
        0,
        0,
        0,
        0,
        0
      ],
      "/home/developer/Documents/Projects/support/app/models/support/attendance/requeriment_file.rb": [
        0,
        null,
        0,
        0,
        0,
        0,
        0,
        0,
        0
      ],
      "/home/developer/Documents/Projects/support/app/models/support/attendance/step_document.rb": [
        0,
        null,
        0,
        0,
        0,
        0,
        0,
        0,
        0
      ],
      "/home/developer/Documents/Projects/support/app/models/support/attendance/agenda_reference_category.rb": [
        0,
        null,
        0,
        0,
        0,
        0,
        0,
        0,
        0
      ],
      "/home/developer/Documents/Projects/support/app/models/support/attendance/chat_message.rb": [
        0,
        null,
        0,
        0,
        0,
        0,
        0,
        0,
        0
      ],
      "/home/developer/Documents/Projects/support/app/models/support/attendance/agenda_situation.rb": [
        0,
        null,
        0,
        0,
        0,
        0,
        0,
        0,
        0
      ],
      "/home/developer/Documents/Projects/support/app/models/support/attendance/daily_type.rb": [
        0,
        null,
        0,
        0,
        0,
        0,
        null,
        0,
        0,
        0,
        0
      ],
      "/home/developer/Documents/Projects/support/app/models/support/attendance/category.rb": [
        0,
        null,
        0,
        0,
        0,
        0,
        0,
        0,
        0
      ],
      "/home/developer/Documents/Projects/support/app/models/support/attendance/daily.rb": [
        0,
        null,
        0,
        0,
        0,
        0,
        null,
        0,
        0,
        0,
        0
      ],
      "/home/developer/Documents/Projects/support/app/models/support/address/unit_cadastre.rb": [
        0,
        null,
        0,
        0,
        0,
        0,
        0,
        0,
        0
      ],
      "/home/developer/Documents/Projects/support/app/models/support/address/unit_cadastre_situation.rb": [
        0,
        null,
        0,
        0,
        0,
        0,
        0,
        0,
        0
      ],
      "/home/developer/Documents/Projects/support/app/models/support/address/region.rb": [
        0,
        null,
        0,
        0,
        0,
        0,
        null,
        0,
        0,
        0,
        0
      ],
      "/home/developer/Documents/Projects/support/app/models/support/address/enterprise_company_user.rb": [
        0,
        null,
        0,
        0,
        0,
        0,
        0,
        0,
        0
      ],
      "/home/developer/Documents/Projects/support/app/models/support/address/unit_situation_type.rb": [
        0,
        null,
        0,
        0,
        0,
        0,
        null,
        0,
        0,
        0,
        0
      ],
      "/home/developer/Documents/Projects/support/app/models/support/address/unit_registry.rb": [
        0,
        null,
        0,
        0,
        0,
        0,
        0,
        0,
        0
      ],
      "/home/developer/Documents/Projects/support/app/models/support/address/unit_use_type.rb": [
        0,
        null,
        0,
        0,
        0,
        0,
        0,
        0,
        0
      ],
      "/home/developer/Documents/Projects/support/app/models/support/address/unit_type.rb": [
        0,
        null,
        0,
        0,
        0,
        0,
        0,
        0,
        0
      ],
      "/home/developer/Documents/Projects/support/app/models/support/address/enterprise_typology.rb": [
        0,
        null,
        0,
        0,
        0,
        0,
        null,
        0,
        0,
        0,
        0
      ],
      "/home/developer/Documents/Projects/support/app/models/support/address/activity_type.rb": [
        0,
        null,
        0,
        0,
        0,
        0,
        null,
        0,
        0,
        0,
        0
      ],
      "/home/developer/Documents/Projects/support/app/models/support/address/registry_type.rb": [
        0,
        null,
        0,
        0,
        0,
        0,
        0,
        0,
        0
      ],
      "/home/developer/Documents/Projects/support/app/models/support/address/label.rb": [
        0,
        null,
        0,
        0,
        0,
        0,
        0,
        0,
        0
      ],
      "/home/developer/Documents/Projects/support/app/models/support/address/unit_image.rb": [
        0,
        null,
        0,
        0,
        0,
        0,
        0,
        0,
        0
      ],
      "/home/developer/Documents/Projects/support/app/models/support/address/enterprise.rb": [
        0,
        null,
        0,
        0,
        0,
        0,
        null,
        0,
        0,
        0,
        0
      ],
      "/home/developer/Documents/Projects/support/app/models/support/address/unit_label.rb": [
        0,
        null,
        0,
        0,
        0,
        0,
        0,
        0,
        0
      ],
      "/home/developer/Documents/Projects/support/app/models/support/address/ownership_type.rb": [
        0,
        null,
        0,
        0,
        0,
        0,
        null,
        0,
        0,
        0,
        0
      ],
      "/home/developer/Documents/Projects/support/app/models/support/address/unit_activity.rb": [
        0,
        null,
        0,
        0,
        0,
        0,
        0,
        0,
        0
      ],
      "/home/developer/Documents/Projects/support/app/models/support/address/enterprise_company.rb": [
        0,
        null,
        0,
        0,
        0,
        0,
        0,
        0,
        0
      ],
      "/home/developer/Documents/Projects/support/app/models/support/helpdesk/ticket_activity.rb": [
        0,
        null,
        0,
        0,
        0,
        0,
        0,
        0,
        0
      ],
      "/home/developer/Documents/Projects/support/app/models/support/helpdesk/location.rb": [
        0,
        null,
        0,
        0,
        0,
        0,
        0,
        0,
        0
      ],
      "/home/developer/Documents/Projects/support/app/models/support/helpdesk/ticket_situation_type.rb": [
        0,
        null,
        0,
        0,
        0,
        0,
        0,
        0,
        0
      ],
      "/home/developer/Documents/Projects/support/app/models/support/helpdesk/ticket.rb": [
        0,
        null,
        0,
        0,
        0,
        0,
        0,
        0,
        0
      ],
      "/home/developer/Documents/Projects/support/app/models/support/helpdesk/ticket_type_subject.rb": [
        0,
        null,
        0,
        0,
        0,
        0,
        0,
        0,
        0
      ],
      "/home/developer/Documents/Projects/support/app/models/support/helpdesk/ticket_type.rb": [
        0,
        null,
        0,
        0,
        0,
        0,
        0,
        0,
        0
      ],
      "/home/developer/Documents/Projects/support/app/models/support/helpdesk/ticket_attachment.rb": [
        0,
        null,
        0,
        0,
        0,
        0,
        0,
        0,
        0
      ],
      "/home/developer/Documents/Projects/support/app/models/support/helpdesk/ticket_rating.rb": [
        0,
        null,
        0,
        0,
        0,
        0,
        0,
        0,
        0
      ],
      "/home/developer/Documents/Projects/support/app/models/support/helpdesk/ticket_type_user.rb": [
        0,
        null,
        0,
        0,
        0,
        0,
        0,
        0,
        0
      ],
      "/home/developer/Documents/Projects/support/app/models/support/helpdesk/ticket_situation.rb": [
        0,
        0,
        0,
        0,
        0,
        0,
        0
      ],
      "/home/developer/Documents/Projects/support/app/models/support/sei/procedure_type.rb": [
        0,
        null,
        0,
        0,
        0,
        0,
        null,
        0,
        0,
        0,
        0
      ],
      "/home/developer/Documents/Projects/support/app/models/support/sei/legal_hypothesis.rb": [
        0,
        null,
        0,
        0,
        0,
        0,
        0,
        0,
        0
      ],
      "/home/developer/Documents/Projects/support/app/models/support/sei/document_subject.rb": [
        0,
        null,
        0,
        0,
        0,
        0,
        null,
        0,
        0,
        0,
        0
      ],
      "/home/developer/Documents/Projects/support/app/models/support/sei/operation.rb": [
        0,
        null,
        0,
        0,
        0,
        0,
        null,
        0,
        0,
        0,
        0
      ],
      "/home/developer/Documents/Projects/support/app/models/support/sei/unit.rb": [
        0,
        null,
        0,
        0,
        0,
        0,
        null,
        0,
        0,
        0,
        0
      ],
      "/home/developer/Documents/Projects/support/app/models/support/sei/procedure.rb": [
        0,
        0,
        0,
        0,
        0,
        null,
        0,
        0,
        0,
        0
      ],
      "/home/developer/Documents/Projects/support/app/models/support/sei/document.rb": [
        0,
        null,
        0,
        0,
        0,
        0,
        0,
        0,
        0
      ],
      "/home/developer/Documents/Projects/support/app/models/support/pivotal/bookmark.rb": [
        0,
        null,
        0,
        0,
        0,
        0,
        null,
        0,
        0,
        0,
        0
      ],
      "/home/developer/Documents/Projects/support/app/models/support/pivotal/nav_permission.rb": [
        0,
        null,
        0,
        0,
        0,
        0,
        0,
        0,
        0
      ],
      "/home/developer/Documents/Projects/support/app/models/support/pivotal/sector.rb": [
        0,
        null,
        0,
        0,
        0,
        0,
        0,
        0,
        0
      ],
      "/home/developer/Documents/Projects/support/app/models/support/pivotal/user_view_log.rb": [
        0,
        null,
        0,
        0,
        0,
        0,
        null,
        0,
        null,
        0,
        0,
        0
      ],
      "/home/developer/Documents/Projects/support/app/models/support/pivotal/nav.rb": [
        0,
        null,
        0,
        0,
        0,
        0,
        null,
        0,
        0,
        0,
        0
      ],
      "/home/developer/Documents/Projects/support/app/models/support/pivotal/user_permission.rb": [
        0,
        null,
        0,
        0,
        0,
        0,
        null,
        0,
        0,
        0,
        0
      ],
      "/home/developer/Documents/Projects/support/app/models/support/pivotal/engine.rb": [
        0,
        0,
        0,
        0,
        0,
        0,
        0,
        0
      ],
      "/home/developer/Documents/Projects/support/app/models/support/pivotal/session.rb": [
        0,
        0,
        0,
        0,
        null,
        0,
        0,
        0,
        0
      ],
      "/home/developer/Documents/Projects/support/app/models/support/pivotal/job.rb": [
        0,
        null,
        0,
        0,
        0,
        0,
        0,
        0,
        0
      ],
      "/home/developer/Documents/Projects/support/app/models/support/pivotal/engine_permission.rb": [
        0,
        null,
        0,
        0,
        0,
        0,
        null,
        0,
        0,
        0,
        0
      ],
      "/home/developer/Documents/Projects/support/app/supports/support/brb/calculate_support.rb": [
        0,
        0,
        0,
        0,
        0,
        null,
        0,
        0,
        null,
        0,
        0,
        null,
        0,
        0,
        0,
        null,
        0,
        null,
        0,
        0,
        null,
        null,
        null,
        0,
        0,
        0,
        0,
        null,
        0,
        0,
        0,
        0,
        0,
        null,
        0,
        null,
        0,
        0,
        null,
        0,
        0,
        null,
        0,
        0,
        0,
        null,
        0,
        0,
        0,
        0,
        null,
        0,
        null,
        0,
        0,
        0,
        0,
        0,
        0,
        0,
        0,
        0,
        0,
        null,
        0,
        0,
        null,
        0,
        0,
        0,
        0,
        0,
        null,
        0,
        0,
        0,
        0,
        null,
        0,
        0,
        0,
        0,
        null,
        0,
        null,
        0,
        0,
        0,
        0,
        0,
        null,
        0,
        0,
        0,
        0,
        0
      ],
      "/home/developer/Documents/Projects/support/app/policies/support/application_policy.rb": [
        0,
        0,
        0,
        0,
        0,
        0,
        0
      ],
      "/home/developer/Documents/Projects/support/app/policies/support/person/staff_policy.rb": [
        0,
        null,
        0,
        0,
        0,
        null,
        0,
        0,
        0,
        0,
        null,
        0,
        0,
        0
      ],
      "/home/developer/Documents/Projects/support/app/jobs/support/application_job.rb": [
        0,
        0,
        0,
        0
      ],
      "/home/developer/Documents/Projects/support/app/uploaders/support/document_uploader.rb": [

      ],
      "/home/developer/Documents/Projects/support/app/uploaders/support/image_uploader.rb": [

      ],
      "/home/developer/Documents/Projects/support/lib/support/version.rb": [
        0,
        0,
        0
      ]
    },
    "timestamp": 1551987163
  }
}
